  Date.cpp
  FileManager.cpp
\\Mac\Home\Documents\OOP\proj1\IIKH_src\FileManager.cpp(1,1): warning C4819: 현재 코드 페이지(949)에서 표시할 수 없는 문자가 파일에 들어 있습니다. 데이터가 손실되지 않게 하려면 해당 파일을 유니코드 형식으로 저장하십시오.
\\Mac\Home\Documents\OOP\proj1\IIKH_src\FileManager.h(10,15): error C2143: 구문 오류: ';'이(가) '<' 앞에 없습니다.
\\Mac\Home\Documents\OOP\proj1\IIKH_src\FileManager.h(10,15): error C4430: 형식 지정자가 없습니다. int로 가정합니다. 참고: C++에서는 기본 int를 지원하지 않습니다.
\\Mac\Home\Documents\OOP\proj1\IIKH_src\FileManager.h(10,57): error C2238: ';' 앞에 예기치 않은 토큰이 있습니다.
  Ingredient.cpp
  main.cpp
  Meal.cpp
\\Mac\Home\Documents\OOP\proj1\IIKH_src\Meal.h(11,11): error C2143: 구문 오류: ';'이(가) '<' 앞에 없습니다.
\\Mac\Home\Documents\OOP\proj1\IIKH_src\Meal.h(11,11): error C4430: 형식 지정자가 없습니다. int로 가정합니다. 참고: C++에서는 기본 int를 지원하지 않습니다.
\\Mac\Home\Documents\OOP\proj1\IIKH_src\Meal.h(11,29): error C2238: ';' 앞에 예기치 않은 토큰이 있습니다.
\\Mac\Home\Documents\OOP\proj1\IIKH_src\Meal.h(14,21): error C2061: 구문 오류: 식별자 'Serving'
\\Mac\Home\Documents\OOP\proj1\IIKH_src\Meal.h(15,24): error C2061: 구문 오류: 식별자 'Serving'
\\Mac\Home\Documents\OOP\proj1\IIKH_src\Meal.h(17,11): error C2143: 구문 오류: ';'이(가) '<' 앞에 없습니다.
\\Mac\Home\Documents\OOP\proj1\IIKH_src\Meal.h(17,11): error C4430: 형식 지정자가 없습니다. int로 가정합니다. 참고: C++에서는 기본 int를 지원하지 않습니다.
\\Mac\Home\Documents\OOP\proj1\IIKH_src\Meal.h(17,34): error C2238: ';' 앞에 예기치 않은 토큰이 있습니다.
\\Mac\Home\Documents\OOP\proj1\IIKH_src\Meal.cpp(8,23): error C2065: 'Serving': 선언되지 않은 식별자입니다.
\\Mac\Home\Documents\OOP\proj1\IIKH_src\Meal.cpp(8,31): error C2146: 구문 오류: ')'이(가) 'serving' 식별자 앞에 없습니다.
\\Mac\Home\Documents\OOP\proj1\IIKH_src\Meal.cpp(8,52): error C2143: 구문 오류: ';'이(가) '{' 앞에 없습니다.
\\Mac\Home\Documents\OOP\proj1\IIKH_src\Meal.cpp(8,52): error C2447: '{': 함수 헤더가 없습니다. 이전 스타일의 형식 목록입니까?
\\Mac\Home\Documents\OOP\proj1\IIKH_src\Meal.cpp(12,12): error C2511: 'void Meal::deleteServing(int)': 오버로드된 멤버 함수가 'Meal'에 없습니다.
\\Mac\Home\Documents\OOP\proj1\IIKH_src\Meal.h(9): message : 'Meal' 선언을 참조하십시오.
\\Mac\Home\Documents\OOP\proj1\IIKH_src\Meal.cpp(13,25): error C2065: 'servings': 선언되지 않은 식별자입니다.
\\Mac\Home\Documents\OOP\proj1\IIKH_src\Meal.cpp(13,5): error C3531: 'serving': 형식에 'auto'이(가) 포함된 기호에는 이니셜라이저가 있어야 합니다.
\\Mac\Home\Documents\OOP\proj1\IIKH_src\Meal.cpp(13,23): error C2143: 구문 오류: ';'이(가) ':' 앞에 없습니다.
\\Mac\Home\Documents\OOP\proj1\IIKH_src\Meal.cpp(13,33): error C2143: 구문 오류: ';'이(가) ')' 앞에 없습니다.
\\Mac\Home\Documents\OOP\proj1\IIKH_src\Meal.cpp(15,13): error C2065: 'servings': 선언되지 않은 식별자입니다.
\\Mac\Home\Documents\OOP\proj1\IIKH_src\Meal.cpp(20,7): error C2143: 구문 오류: ';'이(가) '<' 앞에 없습니다.
\\Mac\Home\Documents\OOP\proj1\IIKH_src\Meal.cpp(20,7): error C4430: 형식 지정자가 없습니다. int로 가정합니다. 참고: C++에서는 기본 int를 지원하지 않습니다.
\\Mac\Home\Documents\OOP\proj1\IIKH_src\Meal.cpp(20,23): error C2039: 'getServings': 'Meal'의 멤버가 아닙니다.
\\Mac\Home\Documents\OOP\proj1\IIKH_src\Meal.h(9): message : 'Meal' 선언을 참조하십시오.
\\Mac\Home\Documents\OOP\proj1\IIKH_src\Meal.cpp(20,37): error C2143: 구문 오류: ';'이(가) '{' 앞에 없습니다.
\\Mac\Home\Documents\OOP\proj1\IIKH_src\Meal.cpp(20,37): error C2447: '{': 함수 헤더가 없습니다. 이전 스타일의 형식 목록입니까?
  Plan.cpp
\\Mac\Home\Documents\OOP\proj1\IIKH_src\Meal.h(11,11): error C2143: 구문 오류: ';'이(가) '<' 앞에 없습니다.
\\Mac\Home\Documents\OOP\proj1\IIKH_src\Meal.h(11,11): error C4430: 형식 지정자가 없습니다. int로 가정합니다. 참고: C++에서는 기본 int를 지원하지 않습니다.
\\Mac\Home\Documents\OOP\proj1\IIKH_src\Meal.h(11,29): error C2238: ';' 앞에 예기치 않은 토큰이 있습니다.
\\Mac\Home\Documents\OOP\proj1\IIKH_src\Meal.h(14,21): error C2061: 구문 오류: 식별자 'Serving'
\\Mac\Home\Documents\OOP\proj1\IIKH_src\Meal.h(15,24): error C2061: 구문 오류: 식별자 'Serving'
\\Mac\Home\Documents\OOP\proj1\IIKH_src\Meal.h(17,11): error C2143: 구문 오류: ';'이(가) '<' 앞에 없습니다.
\\Mac\Home\Documents\OOP\proj1\IIKH_src\Meal.h(17,11): error C4430: 형식 지정자가 없습니다. int로 가정합니다. 참고: C++에서는 기본 int를 지원하지 않습니다.
\\Mac\Home\Documents\OOP\proj1\IIKH_src\Meal.h(17,34): error C2238: ';' 앞에 예기치 않은 토큰이 있습니다.
\\Mac\Home\Documents\OOP\proj1\IIKH_src\Plan.cpp(11,5): error C2065: 'date': 선언되지 않은 식별자입니다.
\\Mac\Home\Documents\OOP\proj1\IIKH_src\Plan.cpp(15,12): error C2065: 'date': 선언되지 않은 식별자입니다.
\\Mac\Home\Documents\OOP\proj1\IIKH_src\Plan.cpp(27,5): error C2065: 'date': 선언되지 않은 식별자입니다.
  PlanManager.cpp
\\Mac\Home\Documents\OOP\proj1\IIKH_src\Meal.h(11,11): error C2143: 구문 오류: ';'이(가) '<' 앞에 없습니다.
\\Mac\Home\Documents\OOP\proj1\IIKH_src\Meal.h(11,11): error C4430: 형식 지정자가 없습니다. int로 가정합니다. 참고: C++에서는 기본 int를 지원하지 않습니다.
\\Mac\Home\Documents\OOP\proj1\IIKH_src\Meal.h(11,29): error C2238: ';' 앞에 예기치 않은 토큰이 있습니다.
\\Mac\Home\Documents\OOP\proj1\IIKH_src\Meal.h(14,21): error C2061: 구문 오류: 식별자 'Serving'
\\Mac\Home\Documents\OOP\proj1\IIKH_src\Meal.h(15,24): error C2061: 구문 오류: 식별자 'Serving'
\\Mac\Home\Documents\OOP\proj1\IIKH_src\Meal.h(17,11): error C2143: 구문 오류: ';'이(가) '<' 앞에 없습니다.
\\Mac\Home\Documents\OOP\proj1\IIKH_src\Meal.h(17,11): error C4430: 형식 지정자가 없습니다. int로 가정합니다. 참고: C++에서는 기본 int를 지원하지 않습니다.
\\Mac\Home\Documents\OOP\proj1\IIKH_src\Meal.h(17,34): error C2238: ';' 앞에 예기치 않은 토큰이 있습니다.
\\Mac\Home\Documents\OOP\proj1\IIKH_src\PlanManager.h(22,36): error C2061: 구문 오류: 식별자 'Meal_Type'
\\Mac\Home\Documents\OOP\proj1\IIKH_src\PlanManager.cpp(22,34): error C2676: 이항 '==': 'Plan'이(가) 이 연산자를 정의하지 않거나 미리 정의된 연산자에 허용되는 형식으로의 변환을 정의하지 않습니다.
C:\Program Files\Microsoft Visual Studio\2022\Preview\VC\Tools\MSVC\14.34.31823\include\memory(3527,17): message : 'bool std::operator ==(std::nullptr_t,const std::unique_ptr<_Ty,_Dx> &) noexcept'일 수 있습니다.
\\Mac\Home\Documents\OOP\proj1\IIKH_src\PlanManager.cpp(22,13): message : 'bool std::operator ==(std::nullptr_t,const std::unique_ptr<_Ty,_Dx> &) noexcept': 'Plan'에서 'const std::unique_ptr<_Ty,_Dx> &'에 대한 템플릿 인수를 추론할 수 없습니다.
C:\Program Files\Microsoft Visual Studio\2022\Preview\VC\Tools\MSVC\14.34.31823\include\memory(3527): message : 'std::operator ==' 선언을 참조하십시오.
C:\Program Files\Microsoft Visual Studio\2022\Preview\VC\Tools\MSVC\14.34.31823\include\memory(3521,30): message : 또는       'bool std::operator ==(const std::unique_ptr<_Ty,_Dx> &,std::nullptr_t) noexcept'
\\Mac\Home\Documents\OOP\proj1\IIKH_src\PlanManager.cpp(22,13): message : 'bool std::operator ==(const std::unique_ptr<_Ty,_Dx> &,std::nullptr_t) noexcept': 'Plan'에서 'const std::unique_ptr<_Ty,_Dx> &'에 대한 템플릿 인수를 추론할 수 없습니다.
C:\Program Files\Microsoft Visual Studio\2022\Preview\VC\Tools\MSVC\14.34.31823\include\memory(3521): message : 'std::operator ==' 선언을 참조하십시오.
C:\Program Files\Microsoft Visual Studio\2022\Preview\VC\Tools\MSVC\14.34.31823\include\memory(3473,30): message : 또는       'bool std::operator ==(const std::unique_ptr<_Ty,_Dx> &,const std::unique_ptr<_Ty2,_Dx2> &)'
\\Mac\Home\Documents\OOP\proj1\IIKH_src\PlanManager.cpp(22,13): message : 'bool std::operator ==(const std::unique_ptr<_Ty,_Dx> &,const std::unique_ptr<_Ty2,_Dx2> &)': 'Plan'에서 'const std::unique_ptr<_Ty,_Dx> &'에 대한 템플릿 인수를 추론할 수 없습니다.
C:\Program Files\Microsoft Visual Studio\2022\Preview\VC\Tools\MSVC\14.34.31823\include\memory(3473): message : 'std::operator ==' 선언을 참조하십시오.
C:\Program Files\Microsoft Visual Studio\2022\Preview\VC\Tools\MSVC\14.34.31823\include\memory(1858,17): message : 또는       'bool std::operator ==(std::nullptr_t,const std::shared_ptr<_Ty> &) noexcept'
\\Mac\Home\Documents\OOP\proj1\IIKH_src\PlanManager.cpp(22,13): message : 'bool std::operator ==(std::nullptr_t,const std::shared_ptr<_Ty> &) noexcept': 'Plan'에서 'const std::shared_ptr<_Ty> &'에 대한 템플릿 인수를 추론할 수 없습니다.
C:\Program Files\Microsoft Visual Studio\2022\Preview\VC\Tools\MSVC\14.34.31823\include\memory(1858): message : 'std::operator ==' 선언을 참조하십시오.
C:\Program Files\Microsoft Visual Studio\2022\Preview\VC\Tools\MSVC\14.34.31823\include\memory(1847,17): message : 또는       'bool std::operator ==(const std::shared_ptr<_Ty> &,std::nullptr_t) noexcept'
\\Mac\Home\Documents\OOP\proj1\IIKH_src\PlanManager.cpp(22,13): message : 'bool std::operator ==(const std::shared_ptr<_Ty> &,std::nullptr_t) noexcept': 'Plan'에서 'const std::shared_ptr<_Ty> &'에 대한 템플릿 인수를 추론할 수 없습니다.
C:\Program Files\Microsoft Visual Studio\2022\Preview\VC\Tools\MSVC\14.34.31823\include\memory(1847): message : 'std::operator ==' 선언을 참조하십시오.
C:\Program Files\Microsoft Visual Studio\2022\Preview\VC\Tools\MSVC\14.34.31823\include\memory(1810,17): message : 또는       'bool std::operator ==(const std::shared_ptr<_Ty> &,const std::shared_ptr<_Ty0> &) noexcept'
\\Mac\Home\Documents\OOP\proj1\IIKH_src\PlanManager.cpp(22,13): message : 'bool std::operator ==(const std::shared_ptr<_Ty> &,const std::shared_ptr<_Ty0> &) noexcept': 'Plan'에서 'const std::shared_ptr<_Ty> &'에 대한 템플릿 인수를 추론할 수 없습니다.
C:\Program Files\Microsoft Visual Studio\2022\Preview\VC\Tools\MSVC\14.34.31823\include\memory(1810): message : 'std::operator ==' 선언을 참조하십시오.
C:\Program Files\Microsoft Visual Studio\2022\Preview\VC\Tools\MSVC\14.34.31823\include\iterator(474,17): message : 또는       'bool std::operator ==(const std::istreambuf_iterator<_Elem,_Traits> &,const std::istreambuf_iterator<_Elem,_Traits> &)'
\\Mac\Home\Documents\OOP\proj1\IIKH_src\PlanManager.cpp(22,13): message : 'bool std::operator ==(const std::istreambuf_iterator<_Elem,_Traits> &,const std::istreambuf_iterator<_Elem,_Traits> &)': 'Plan'에서 'const std::istreambuf_iterator<_Elem,_Traits> &'에 대한 템플릿 인수를 추론할 수 없습니다.
C:\Program Files\Microsoft Visual Studio\2022\Preview\VC\Tools\MSVC\14.34.31823\include\iterator(474): message : 'std::operator ==' 선언을 참조하십시오.
C:\Program Files\Microsoft Visual Studio\2022\Preview\VC\Tools\MSVC\14.34.31823\include\iterator(292,17): message : 또는       'bool std::operator ==(const std::istream_iterator<_Ty,_Elem,_Traits,_Diff> &,const std::istream_iterator<_Ty,_Elem,_Traits,_Diff> &) noexcept'
\\Mac\Home\Documents\OOP\proj1\IIKH_src\PlanManager.cpp(22,13): message : 'bool std::operator ==(const std::istream_iterator<_Ty,_Elem,_Traits,_Diff> &,const std::istream_iterator<_Ty,_Elem,_Traits,_Diff> &) noexcept': 'Plan'에서 'const std::istream_iterator<_Ty,_Elem,_Traits,_Diff> &'에 대한 템플릿 인수를 추론할 수 없습니다.
C:\Program Files\Microsoft Visual Studio\2022\Preview\VC\Tools\MSVC\14.34.31823\include\iterator(292): message : 'std::operator ==' 선언을 참조하십시오.
C:\Program Files\Microsoft Visual Studio\2022\Preview\VC\Tools\MSVC\14.34.31823\include\xstring(5028,17): message : 또는       'bool std::operator ==(const _Elem *const ,const std::basic_string<_Elem,_Traits,_Alloc> &)'
\\Mac\Home\Documents\OOP\proj1\IIKH_src\PlanManager.cpp(22,13): message : 'bool std::operator ==(const _Elem *const ,const std::basic_string<_Elem,_Traits,_Alloc> &)': 'Plan'에서 'const _Elem *const '에 대한 템플릿 인수를 추론할 수 없습니다.
C:\Program Files\Microsoft Visual Studio\2022\Preview\VC\Tools\MSVC\14.34.31823\include\xstring(5028): message : 'std::operator ==' 선언을 참조하십시오.
C:\Program Files\Microsoft Visual Studio\2022\Preview\VC\Tools\MSVC\14.34.31823\include\xstring(5009,30): message : 또는       'bool std::operator ==(const std::basic_string<_Elem,_Traits,_Alloc> &,const _Elem *const )'
\\Mac\Home\Documents\OOP\proj1\IIKH_src\PlanManager.cpp(22,13): message : 'bool std::operator ==(const std::basic_string<_Elem,_Traits,_Alloc> &,const _Elem *const )': 'Plan'에서 'const std::basic_string<_Elem,_Traits,_Alloc> &'에 대한 템플릿 인수를 추론할 수 없습니다.
C:\Program Files\Microsoft Visual Studio\2022\Preview\VC\Tools\MSVC\14.34.31823\include\xstring(5009): message : 'std::operator ==' 선언을 참조하십시오.
C:\Program Files\Microsoft Visual Studio\2022\Preview\VC\Tools\MSVC\14.34.31823\include\xstring(5003,30): message : 또는       'bool std::operator ==(const std::basic_string<_Elem,_Traits,_Alloc> &,const std::basic_string<_Elem,_Traits,_Alloc> &) noexcept'
\\Mac\Home\Documents\OOP\proj1\IIKH_src\PlanManager.cpp(22,13): message : 'bool std::operator ==(const std::basic_string<_Elem,_Traits,_Alloc> &,const std::basic_string<_Elem,_Traits,_Alloc> &) noexcept': 'Plan'에서 'const std::basic_string<_Elem,_Traits,_Alloc> &'에 대한 템플릿 인수를 추론할 수 없습니다.
C:\Program Files\Microsoft Visual Studio\2022\Preview\VC\Tools\MSVC\14.34.31823\include\xstring(5003): message : 'std::operator ==' 선언을 참조하십시오.
C:\Program Files\Microsoft Visual Studio\2022\Preview\VC\Tools\MSVC\14.34.31823\include\vector(2114,30): message : 또는       'bool std::operator ==(const std::vector<_Ty,_Alloc> &,const std::vector<_Ty,_Alloc> &)'
\\Mac\Home\Documents\OOP\proj1\IIKH_src\PlanManager.cpp(22,13): message : 'bool std::operator ==(const std::vector<_Ty,_Alloc> &,const std::vector<_Ty,_Alloc> &)': 'Plan'에서 'const std::vector<_Ty,_Alloc> &'에 대한 템플릿 인수를 추론할 수 없습니다.
C:\Program Files\Microsoft Visual Studio\2022\Preview\VC\Tools\MSVC\14.34.31823\include\vector(2114): message : 'std::operator ==' 선언을 참조하십시오.
C:\Program Files\Microsoft Visual Studio\2022\Preview\VC\Tools\MSVC\14.34.31823\include\xmemory(894,30): message : 또는       'bool std::operator ==(const std::allocator<_Ty> &,const std::allocator<_Other> &) noexcept'
\\Mac\Home\Documents\OOP\proj1\IIKH_src\PlanManager.cpp(22,13): message : 'bool std::operator ==(const std::allocator<_Ty> &,const std::allocator<_Other> &) noexcept': 'Plan'에서 'const std::allocator<_Ty> &'에 대한 템플릿 인수를 추론할 수 없습니다.
C:\Program Files\Microsoft Visual Studio\2022\Preview\VC\Tools\MSVC\14.34.31823\include\xmemory(894): message : 'std::operator ==' 선언을 참조하십시오.
C:\Program Files\Microsoft Visual Studio\2022\Preview\VC\Tools\MSVC\14.34.31823\include\xutility(3431,30): message : 또는       'bool std::operator ==(const std::move_iterator<_Iter> &,const std::move_iterator<_Iter2> &)'
\\Mac\Home\Documents\OOP\proj1\IIKH_src\PlanManager.cpp(22,13): message : 'bool std::operator ==(const std::move_iterator<_Iter> &,const std::move_iterator<_Iter2> &)': 'Plan'에서 'const std::move_iterator<_Iter> &'에 대한 템플릿 인수를 추론할 수 없습니다.
C:\Program Files\Microsoft Visual Studio\2022\Preview\VC\Tools\MSVC\14.34.31823\include\xutility(3431): message : 'std::operator ==' 선언을 참조하십시오.
C:\Program Files\Microsoft Visual Studio\2022\Preview\VC\Tools\MSVC\14.34.31823\include\xutility(1370,30): message : 또는       'bool std::operator ==(const std::reverse_iterator<_BidIt> &,const std::reverse_iterator<_BidIt2> &)'
\\Mac\Home\Documents\OOP\proj1\IIKH_src\PlanManager.cpp(22,13): message : 'bool std::operator ==(const std::reverse_iterator<_BidIt> &,const std::reverse_iterator<_BidIt2> &)': 'Plan'에서 'const std::reverse_iterator<_BidIt> &'에 대한 템플릿 인수를 추론할 수 없습니다.
C:\Program Files\Microsoft Visual Studio\2022\Preview\VC\Tools\MSVC\14.34.31823\include\xutility(1370): message : 'std::operator ==' 선언을 참조하십시오.
C:\Program Files\Microsoft Visual Studio\2022\Preview\VC\Tools\MSVC\14.34.31823\include\utility(364,27): message : 또는       'bool std::operator ==(const std::pair<_Ty1,_Ty2> &,const std::pair<_Ty1,_Ty2> &)'
\\Mac\Home\Documents\OOP\proj1\IIKH_src\PlanManager.cpp(22,13): message : 'bool std::operator ==(const std::pair<_Ty1,_Ty2> &,const std::pair<_Ty1,_Ty2> &)': 'Plan'에서 'const std::pair<_Ty1,_Ty2> &'에 대한 템플릿 인수를 추론할 수 없습니다.
C:\Program Files\Microsoft Visual Studio\2022\Preview\VC\Tools\MSVC\14.34.31823\include\utility(364): message : 'std::operator ==' 선언을 참조하십시오.
\\Mac\Home\Documents\OOP\proj1\IIKH_src\PlanManager.cpp(29,34): error C2676: 이항 '==': 'Plan'이(가) 이 연산자를 정의하지 않거나 미리 정의된 연산자에 허용되는 형식으로의 변환을 정의하지 않습니다.
C:\Program Files\Microsoft Visual Studio\2022\Preview\VC\Tools\MSVC\14.34.31823\include\memory(3527,17): message : 'bool std::operator ==(std::nullptr_t,const std::unique_ptr<_Ty,_Dx> &) noexcept'일 수 있습니다.
\\Mac\Home\Documents\OOP\proj1\IIKH_src\PlanManager.cpp(29,13): message : 'bool std::operator ==(std::nullptr_t,const std::unique_ptr<_Ty,_Dx> &) noexcept': 'Plan'에서 'const std::unique_ptr<_Ty,_Dx> &'에 대한 템플릿 인수를 추론할 수 없습니다.
C:\Program Files\Microsoft Visual Studio\2022\Preview\VC\Tools\MSVC\14.34.31823\include\memory(3527): message : 'std::operator ==' 선언을 참조하십시오.
C:\Program Files\Microsoft Visual Studio\2022\Preview\VC\Tools\MSVC\14.34.31823\include\memory(3521,30): message : 또는       'bool std::operator ==(const std::unique_ptr<_Ty,_Dx> &,std::nullptr_t) noexcept'
\\Mac\Home\Documents\OOP\proj1\IIKH_src\PlanManager.cpp(29,13): message : 'bool std::operator ==(const std::unique_ptr<_Ty,_Dx> &,std::nullptr_t) noexcept': 'Plan'에서 'const std::unique_ptr<_Ty,_Dx> &'에 대한 템플릿 인수를 추론할 수 없습니다.
C:\Program Files\Microsoft Visual Studio\2022\Preview\VC\Tools\MSVC\14.34.31823\include\memory(3521): message : 'std::operator ==' 선언을 참조하십시오.
C:\Program Files\Microsoft Visual Studio\2022\Preview\VC\Tools\MSVC\14.34.31823\include\memory(3473,30): message : 또는       'bool std::operator ==(const std::unique_ptr<_Ty,_Dx> &,const std::unique_ptr<_Ty2,_Dx2> &)'
\\Mac\Home\Documents\OOP\proj1\IIKH_src\PlanManager.cpp(29,13): message : 'bool std::operator ==(const std::unique_ptr<_Ty,_Dx> &,const std::unique_ptr<_Ty2,_Dx2> &)': 'Plan'에서 'const std::unique_ptr<_Ty,_Dx> &'에 대한 템플릿 인수를 추론할 수 없습니다.
C:\Program Files\Microsoft Visual Studio\2022\Preview\VC\Tools\MSVC\14.34.31823\include\memory(3473): message : 'std::operator ==' 선언을 참조하십시오.
C:\Program Files\Microsoft Visual Studio\2022\Preview\VC\Tools\MSVC\14.34.31823\include\memory(1858,17): message : 또는       'bool std::operator ==(std::nullptr_t,const std::shared_ptr<_Ty> &) noexcept'
\\Mac\Home\Documents\OOP\proj1\IIKH_src\PlanManager.cpp(29,13): message : 'bool std::operator ==(std::nullptr_t,const std::shared_ptr<_Ty> &) noexcept': 'Plan'에서 'const std::shared_ptr<_Ty> &'에 대한 템플릿 인수를 추론할 수 없습니다.
C:\Program Files\Microsoft Visual Studio\2022\Preview\VC\Tools\MSVC\14.34.31823\include\memory(1858): message : 'std::operator ==' 선언을 참조하십시오.
C:\Program Files\Microsoft Visual Studio\2022\Preview\VC\Tools\MSVC\14.34.31823\include\memory(1847,17): message : 또는       'bool std::operator ==(const std::shared_ptr<_Ty> &,std::nullptr_t) noexcept'
\\Mac\Home\Documents\OOP\proj1\IIKH_src\PlanManager.cpp(29,13): message : 'bool std::operator ==(const std::shared_ptr<_Ty> &,std::nullptr_t) noexcept': 'Plan'에서 'const std::shared_ptr<_Ty> &'에 대한 템플릿 인수를 추론할 수 없습니다.
C:\Program Files\Microsoft Visual Studio\2022\Preview\VC\Tools\MSVC\14.34.31823\include\memory(1847): message : 'std::operator ==' 선언을 참조하십시오.
C:\Program Files\Microsoft Visual Studio\2022\Preview\VC\Tools\MSVC\14.34.31823\include\memory(1810,17): message : 또는       'bool std::operator ==(const std::shared_ptr<_Ty> &,const std::shared_ptr<_Ty0> &) noexcept'
\\Mac\Home\Documents\OOP\proj1\IIKH_src\PlanManager.cpp(29,13): message : 'bool std::operator ==(const std::shared_ptr<_Ty> &,const std::shared_ptr<_Ty0> &) noexcept': 'Plan'에서 'const std::shared_ptr<_Ty> &'에 대한 템플릿 인수를 추론할 수 없습니다.
C:\Program Files\Microsoft Visual Studio\2022\Preview\VC\Tools\MSVC\14.34.31823\include\memory(1810): message : 'std::operator ==' 선언을 참조하십시오.
C:\Program Files\Microsoft Visual Studio\2022\Preview\VC\Tools\MSVC\14.34.31823\include\iterator(474,17): message : 또는       'bool std::operator ==(const std::istreambuf_iterator<_Elem,_Traits> &,const std::istreambuf_iterator<_Elem,_Traits> &)'
\\Mac\Home\Documents\OOP\proj1\IIKH_src\PlanManager.cpp(29,13): message : 'bool std::operator ==(const std::istreambuf_iterator<_Elem,_Traits> &,const std::istreambuf_iterator<_Elem,_Traits> &)': 'Plan'에서 'const std::istreambuf_iterator<_Elem,_Traits> &'에 대한 템플릿 인수를 추론할 수 없습니다.
C:\Program Files\Microsoft Visual Studio\2022\Preview\VC\Tools\MSVC\14.34.31823\include\iterator(474): message : 'std::operator ==' 선언을 참조하십시오.
C:\Program Files\Microsoft Visual Studio\2022\Preview\VC\Tools\MSVC\14.34.31823\include\iterator(292,17): message : 또는       'bool std::operator ==(const std::istream_iterator<_Ty,_Elem,_Traits,_Diff> &,const std::istream_iterator<_Ty,_Elem,_Traits,_Diff> &) noexcept'
\\Mac\Home\Documents\OOP\proj1\IIKH_src\PlanManager.cpp(29,13): message : 'bool std::operator ==(const std::istream_iterator<_Ty,_Elem,_Traits,_Diff> &,const std::istream_iterator<_Ty,_Elem,_Traits,_Diff> &) noexcept': 'Plan'에서 'const std::istream_iterator<_Ty,_Elem,_Traits,_Diff> &'에 대한 템플릿 인수를 추론할 수 없습니다.
C:\Program Files\Microsoft Visual Studio\2022\Preview\VC\Tools\MSVC\14.34.31823\include\iterator(292): message : 'std::operator ==' 선언을 참조하십시오.
C:\Program Files\Microsoft Visual Studio\2022\Preview\VC\Tools\MSVC\14.34.31823\include\xstring(5028,17): message : 또는       'bool std::operator ==(const _Elem *const ,const std::basic_string<_Elem,_Traits,_Alloc> &)'
\\Mac\Home\Documents\OOP\proj1\IIKH_src\PlanManager.cpp(29,13): message : 'bool std::operator ==(const _Elem *const ,const std::basic_string<_Elem,_Traits,_Alloc> &)': 'Plan'에서 'const _Elem *const '에 대한 템플릿 인수를 추론할 수 없습니다.
C:\Program Files\Microsoft Visual Studio\2022\Preview\VC\Tools\MSVC\14.34.31823\include\xstring(5028): message : 'std::operator ==' 선언을 참조하십시오.
C:\Program Files\Microsoft Visual Studio\2022\Preview\VC\Tools\MSVC\14.34.31823\include\xstring(5009,30): message : 또는       'bool std::operator ==(const std::basic_string<_Elem,_Traits,_Alloc> &,const _Elem *const )'
\\Mac\Home\Documents\OOP\proj1\IIKH_src\PlanManager.cpp(29,13): message : 'bool std::operator ==(const std::basic_string<_Elem,_Traits,_Alloc> &,const _Elem *const )': 'Plan'에서 'const std::basic_string<_Elem,_Traits,_Alloc> &'에 대한 템플릿 인수를 추론할 수 없습니다.
C:\Program Files\Microsoft Visual Studio\2022\Preview\VC\Tools\MSVC\14.34.31823\include\xstring(5009): message : 'std::operator ==' 선언을 참조하십시오.
C:\Program Files\Microsoft Visual Studio\2022\Preview\VC\Tools\MSVC\14.34.31823\include\xstring(5003,30): message : 또는       'bool std::operator ==(const std::basic_string<_Elem,_Traits,_Alloc> &,const std::basic_string<_Elem,_Traits,_Alloc> &) noexcept'
\\Mac\Home\Documents\OOP\proj1\IIKH_src\PlanManager.cpp(29,13): message : 'bool std::operator ==(const std::basic_string<_Elem,_Traits,_Alloc> &,const std::basic_string<_Elem,_Traits,_Alloc> &) noexcept': 'Plan'에서 'const std::basic_string<_Elem,_Traits,_Alloc> &'에 대한 템플릿 인수를 추론할 수 없습니다.
C:\Program Files\Microsoft Visual Studio\2022\Preview\VC\Tools\MSVC\14.34.31823\include\xstring(5003): message : 'std::operator ==' 선언을 참조하십시오.
C:\Program Files\Microsoft Visual Studio\2022\Preview\VC\Tools\MSVC\14.34.31823\include\vector(2114,30): message : 또는       'bool std::operator ==(const std::vector<_Ty,_Alloc> &,const std::vector<_Ty,_Alloc> &)'
\\Mac\Home\Documents\OOP\proj1\IIKH_src\PlanManager.cpp(29,13): message : 'bool std::operator ==(const std::vector<_Ty,_Alloc> &,const std::vector<_Ty,_Alloc> &)': 'Plan'에서 'const std::vector<_Ty,_Alloc> &'에 대한 템플릿 인수를 추론할 수 없습니다.
C:\Program Files\Microsoft Visual Studio\2022\Preview\VC\Tools\MSVC\14.34.31823\include\vector(2114): message : 'std::operator ==' 선언을 참조하십시오.
C:\Program Files\Microsoft Visual Studio\2022\Preview\VC\Tools\MSVC\14.34.31823\include\xmemory(894,30): message : 또는       'bool std::operator ==(const std::allocator<_Ty> &,const std::allocator<_Other> &) noexcept'
\\Mac\Home\Documents\OOP\proj1\IIKH_src\PlanManager.cpp(29,13): message : 'bool std::operator ==(const std::allocator<_Ty> &,const std::allocator<_Other> &) noexcept': 'Plan'에서 'const std::allocator<_Ty> &'에 대한 템플릿 인수를 추론할 수 없습니다.
C:\Program Files\Microsoft Visual Studio\2022\Preview\VC\Tools\MSVC\14.34.31823\include\xmemory(894): message : 'std::operator ==' 선언을 참조하십시오.
C:\Program Files\Microsoft Visual Studio\2022\Preview\VC\Tools\MSVC\14.34.31823\include\xutility(3431,30): message : 또는       'bool std::operator ==(const std::move_iterator<_Iter> &,const std::move_iterator<_Iter2> &)'
\\Mac\Home\Documents\OOP\proj1\IIKH_src\PlanManager.cpp(29,13): message : 'bool std::operator ==(const std::move_iterator<_Iter> &,const std::move_iterator<_Iter2> &)': 'Plan'에서 'const std::move_iterator<_Iter> &'에 대한 템플릿 인수를 추론할 수 없습니다.
C:\Program Files\Microsoft Visual Studio\2022\Preview\VC\Tools\MSVC\14.34.31823\include\xutility(3431): message : 'std::operator ==' 선언을 참조하십시오.
C:\Program Files\Microsoft Visual Studio\2022\Preview\VC\Tools\MSVC\14.34.31823\include\xutility(1370,30): message : 또는       'bool std::operator ==(const std::reverse_iterator<_BidIt> &,const std::reverse_iterator<_BidIt2> &)'
\\Mac\Home\Documents\OOP\proj1\IIKH_src\PlanManager.cpp(29,13): message : 'bool std::operator ==(const std::reverse_iterator<_BidIt> &,const std::reverse_iterator<_BidIt2> &)': 'Plan'에서 'const std::reverse_iterator<_BidIt> &'에 대한 템플릿 인수를 추론할 수 없습니다.
C:\Program Files\Microsoft Visual Studio\2022\Preview\VC\Tools\MSVC\14.34.31823\include\xutility(1370): message : 'std::operator ==' 선언을 참조하십시오.
C:\Program Files\Microsoft Visual Studio\2022\Preview\VC\Tools\MSVC\14.34.31823\include\utility(364,27): message : 또는       'bool std::operator ==(const std::pair<_Ty1,_Ty2> &,const std::pair<_Ty1,_Ty2> &)'
\\Mac\Home\Documents\OOP\proj1\IIKH_src\PlanManager.cpp(29,13): message : 'bool std::operator ==(const std::pair<_Ty1,_Ty2> &,const std::pair<_Ty1,_Ty2> &)': 'Plan'에서 'const std::pair<_Ty1,_Ty2> &'에 대한 템플릿 인수를 추론할 수 없습니다.
C:\Program Files\Microsoft Visual Studio\2022\Preview\VC\Tools\MSVC\14.34.31823\include\utility(364): message : 'std::operator ==' 선언을 참조하십시오.
\\Mac\Home\Documents\OOP\proj1\IIKH_src\PlanManager.cpp(34,45): error C2061: 구문 오류: 식별자 'Meal_Type'
\\Mac\Home\Documents\OOP\proj1\IIKH_src\PlanManager.cpp(36,34): error C2676: 이항 '==': 'Plan'이(가) 이 연산자를 정의하지 않거나 미리 정의된 연산자에 허용되는 형식으로의 변환을 정의하지 않습니다.
C:\Program Files\Microsoft Visual Studio\2022\Preview\VC\Tools\MSVC\14.34.31823\include\memory(3527,17): message : 'bool std::operator ==(std::nullptr_t,const std::unique_ptr<_Ty,_Dx> &) noexcept'일 수 있습니다.
\\Mac\Home\Documents\OOP\proj1\IIKH_src\PlanManager.cpp(36,13): message : 'bool std::operator ==(std::nullptr_t,const std::unique_ptr<_Ty,_Dx> &) noexcept': 'Plan'에서 'const std::unique_ptr<_Ty,_Dx> &'에 대한 템플릿 인수를 추론할 수 없습니다.
C:\Program Files\Microsoft Visual Studio\2022\Preview\VC\Tools\MSVC\14.34.31823\include\memory(3527): message : 'std::operator ==' 선언을 참조하십시오.
C:\Program Files\Microsoft Visual Studio\2022\Preview\VC\Tools\MSVC\14.34.31823\include\memory(3521,30): message : 또는       'bool std::operator ==(const std::unique_ptr<_Ty,_Dx> &,std::nullptr_t) noexcept'
\\Mac\Home\Documents\OOP\proj1\IIKH_src\PlanManager.cpp(36,13): message : 'bool std::operator ==(const std::unique_ptr<_Ty,_Dx> &,std::nullptr_t) noexcept': 'Plan'에서 'const std::unique_ptr<_Ty,_Dx> &'에 대한 템플릿 인수를 추론할 수 없습니다.
C:\Program Files\Microsoft Visual Studio\2022\Preview\VC\Tools\MSVC\14.34.31823\include\memory(3521): message : 'std::operator ==' 선언을 참조하십시오.
C:\Program Files\Microsoft Visual Studio\2022\Preview\VC\Tools\MSVC\14.34.31823\include\memory(3473,30): message : 또는       'bool std::operator ==(const std::unique_ptr<_Ty,_Dx> &,const std::unique_ptr<_Ty2,_Dx2> &)'
\\Mac\Home\Documents\OOP\proj1\IIKH_src\PlanManager.cpp(36,13): message : 'bool std::operator ==(const std::unique_ptr<_Ty,_Dx> &,const std::unique_ptr<_Ty2,_Dx2> &)': 'Plan'에서 'const std::unique_ptr<_Ty,_Dx> &'에 대한 템플릿 인수를 추론할 수 없습니다.
C:\Program Files\Microsoft Visual Studio\2022\Preview\VC\Tools\MSVC\14.34.31823\include\memory(3473): message : 'std::operator ==' 선언을 참조하십시오.
C:\Program Files\Microsoft Visual Studio\2022\Preview\VC\Tools\MSVC\14.34.31823\include\memory(1858,17): message : 또는       'bool std::operator ==(std::nullptr_t,const std::shared_ptr<_Ty> &) noexcept'
\\Mac\Home\Documents\OOP\proj1\IIKH_src\PlanManager.cpp(36,13): message : 'bool std::operator ==(std::nullptr_t,const std::shared_ptr<_Ty> &) noexcept': 'Plan'에서 'const std::shared_ptr<_Ty> &'에 대한 템플릿 인수를 추론할 수 없습니다.
C:\Program Files\Microsoft Visual Studio\2022\Preview\VC\Tools\MSVC\14.34.31823\include\memory(1858): message : 'std::operator ==' 선언을 참조하십시오.
C:\Program Files\Microsoft Visual Studio\2022\Preview\VC\Tools\MSVC\14.34.31823\include\memory(1847,17): message : 또는       'bool std::operator ==(const std::shared_ptr<_Ty> &,std::nullptr_t) noexcept'
\\Mac\Home\Documents\OOP\proj1\IIKH_src\PlanManager.cpp(36,13): message : 'bool std::operator ==(const std::shared_ptr<_Ty> &,std::nullptr_t) noexcept': 'Plan'에서 'const std::shared_ptr<_Ty> &'에 대한 템플릿 인수를 추론할 수 없습니다.
C:\Program Files\Microsoft Visual Studio\2022\Preview\VC\Tools\MSVC\14.34.31823\include\memory(1847): message : 'std::operator ==' 선언을 참조하십시오.
C:\Program Files\Microsoft Visual Studio\2022\Preview\VC\Tools\MSVC\14.34.31823\include\memory(1810,17): message : 또는       'bool std::operator ==(const std::shared_ptr<_Ty> &,const std::shared_ptr<_Ty0> &) noexcept'
\\Mac\Home\Documents\OOP\proj1\IIKH_src\PlanManager.cpp(36,13): message : 'bool std::operator ==(const std::shared_ptr<_Ty> &,const std::shared_ptr<_Ty0> &) noexcept': 'Plan'에서 'const std::shared_ptr<_Ty> &'에 대한 템플릿 인수를 추론할 수 없습니다.
C:\Program Files\Microsoft Visual Studio\2022\Preview\VC\Tools\MSVC\14.34.31823\include\memory(1810): message : 'std::operator ==' 선언을 참조하십시오.
C:\Program Files\Microsoft Visual Studio\2022\Preview\VC\Tools\MSVC\14.34.31823\include\iterator(474,17): message : 또는       'bool std::operator ==(const std::istreambuf_iterator<_Elem,_Traits> &,const std::istreambuf_iterator<_Elem,_Traits> &)'
\\Mac\Home\Documents\OOP\proj1\IIKH_src\PlanManager.cpp(36,13): message : 'bool std::operator ==(const std::istreambuf_iterator<_Elem,_Traits> &,const std::istreambuf_iterator<_Elem,_Traits> &)': 'Plan'에서 'const std::istreambuf_iterator<_Elem,_Traits> &'에 대한 템플릿 인수를 추론할 수 없습니다.
C:\Program Files\Microsoft Visual Studio\2022\Preview\VC\Tools\MSVC\14.34.31823\include\iterator(474): message : 'std::operator ==' 선언을 참조하십시오.
C:\Program Files\Microsoft Visual Studio\2022\Preview\VC\Tools\MSVC\14.34.31823\include\iterator(292,17): message : 또는       'bool std::operator ==(const std::istream_iterator<_Ty,_Elem,_Traits,_Diff> &,const std::istream_iterator<_Ty,_Elem,_Traits,_Diff> &) noexcept'
\\Mac\Home\Documents\OOP\proj1\IIKH_src\PlanManager.cpp(36,13): message : 'bool std::operator ==(const std::istream_iterator<_Ty,_Elem,_Traits,_Diff> &,const std::istream_iterator<_Ty,_Elem,_Traits,_Diff> &) noexcept': 'Plan'에서 'const std::istream_iterator<_Ty,_Elem,_Traits,_Diff> &'에 대한 템플릿 인수를 추론할 수 없습니다.
C:\Program Files\Microsoft Visual Studio\2022\Preview\VC\Tools\MSVC\14.34.31823\include\iterator(292): message : 'std::operator ==' 선언을 참조하십시오.
C:\Program Files\Microsoft Visual Studio\2022\Preview\VC\Tools\MSVC\14.34.31823\include\xstring(5028,17): message : 또는       'bool std::operator ==(const _Elem *const ,const std::basic_string<_Elem,_Traits,_Alloc> &)'
\\Mac\Home\Documents\OOP\proj1\IIKH_src\PlanManager.cpp(36,13): message : 'bool std::operator ==(const _Elem *const ,const std::basic_string<_Elem,_Traits,_Alloc> &)': 'Plan'에서 'const _Elem *const '에 대한 템플릿 인수를 추론할 수 없습니다.
C:\Program Files\Microsoft Visual Studio\2022\Preview\VC\Tools\MSVC\14.34.31823\include\xstring(5028): message : 'std::operator ==' 선언을 참조하십시오.
C:\Program Files\Microsoft Visual Studio\2022\Preview\VC\Tools\MSVC\14.34.31823\include\xstring(5009,30): message : 또는       'bool std::operator ==(const std::basic_string<_Elem,_Traits,_Alloc> &,const _Elem *const )'
\\Mac\Home\Documents\OOP\proj1\IIKH_src\PlanManager.cpp(36,13): message : 'bool std::operator ==(const std::basic_string<_Elem,_Traits,_Alloc> &,const _Elem *const )': 'Plan'에서 'const std::basic_string<_Elem,_Traits,_Alloc> &'에 대한 템플릿 인수를 추론할 수 없습니다.
C:\Program Files\Microsoft Visual Studio\2022\Preview\VC\Tools\MSVC\14.34.31823\include\xstring(5009): message : 'std::operator ==' 선언을 참조하십시오.
C:\Program Files\Microsoft Visual Studio\2022\Preview\VC\Tools\MSVC\14.34.31823\include\xstring(5003,30): message : 또는       'bool std::operator ==(const std::basic_string<_Elem,_Traits,_Alloc> &,const std::basic_string<_Elem,_Traits,_Alloc> &) noexcept'
\\Mac\Home\Documents\OOP\proj1\IIKH_src\PlanManager.cpp(36,13): message : 'bool std::operator ==(const std::basic_string<_Elem,_Traits,_Alloc> &,const std::basic_string<_Elem,_Traits,_Alloc> &) noexcept': 'Plan'에서 'const std::basic_string<_Elem,_Traits,_Alloc> &'에 대한 템플릿 인수를 추론할 수 없습니다.
C:\Program Files\Microsoft Visual Studio\2022\Preview\VC\Tools\MSVC\14.34.31823\include\xstring(5003): message : 'std::operator ==' 선언을 참조하십시오.
C:\Program Files\Microsoft Visual Studio\2022\Preview\VC\Tools\MSVC\14.34.31823\include\vector(2114,30): message : 또는       'bool std::operator ==(const std::vector<_Ty,_Alloc> &,const std::vector<_Ty,_Alloc> &)'
\\Mac\Home\Documents\OOP\proj1\IIKH_src\PlanManager.cpp(36,13): message : 'bool std::operator ==(const std::vector<_Ty,_Alloc> &,const std::vector<_Ty,_Alloc> &)': 'Plan'에서 'const std::vector<_Ty,_Alloc> &'에 대한 템플릿 인수를 추론할 수 없습니다.
C:\Program Files\Microsoft Visual Studio\2022\Preview\VC\Tools\MSVC\14.34.31823\include\vector(2114): message : 'std::operator ==' 선언을 참조하십시오.
C:\Program Files\Microsoft Visual Studio\2022\Preview\VC\Tools\MSVC\14.34.31823\include\xmemory(894,30): message : 또는       'bool std::operator ==(const std::allocator<_Ty> &,const std::allocator<_Other> &) noexcept'
\\Mac\Home\Documents\OOP\proj1\IIKH_src\PlanManager.cpp(36,13): message : 'bool std::operator ==(const std::allocator<_Ty> &,const std::allocator<_Other> &) noexcept': 'Plan'에서 'const std::allocator<_Ty> &'에 대한 템플릿 인수를 추론할 수 없습니다.
C:\Program Files\Microsoft Visual Studio\2022\Preview\VC\Tools\MSVC\14.34.31823\include\xmemory(894): message : 'std::operator ==' 선언을 참조하십시오.
C:\Program Files\Microsoft Visual Studio\2022\Preview\VC\Tools\MSVC\14.34.31823\include\xutility(3431,30): message : 또는       'bool std::operator ==(const std::move_iterator<_Iter> &,const std::move_iterator<_Iter2> &)'
\\Mac\Home\Documents\OOP\proj1\IIKH_src\PlanManager.cpp(36,13): message : 'bool std::operator ==(const std::move_iterator<_Iter> &,const std::move_iterator<_Iter2> &)': 'Plan'에서 'const std::move_iterator<_Iter> &'에 대한 템플릿 인수를 추론할 수 없습니다.
C:\Program Files\Microsoft Visual Studio\2022\Preview\VC\Tools\MSVC\14.34.31823\include\xutility(3431): message : 'std::operator ==' 선언을 참조하십시오.
C:\Program Files\Microsoft Visual Studio\2022\Preview\VC\Tools\MSVC\14.34.31823\include\xutility(1370,30): message : 또는       'bool std::operator ==(const std::reverse_iterator<_BidIt> &,const std::reverse_iterator<_BidIt2> &)'
\\Mac\Home\Documents\OOP\proj1\IIKH_src\PlanManager.cpp(36,13): message : 'bool std::operator ==(const std::reverse_iterator<_BidIt> &,const std::reverse_iterator<_BidIt2> &)': 'Plan'에서 'const std::reverse_iterator<_BidIt> &'에 대한 템플릿 인수를 추론할 수 없습니다.
C:\Program Files\Microsoft Visual Studio\2022\Preview\VC\Tools\MSVC\14.34.31823\include\xutility(1370): message : 'std::operator ==' 선언을 참조하십시오.
C:\Program Files\Microsoft Visual Studio\2022\Preview\VC\Tools\MSVC\14.34.31823\include\utility(364,27): message : 또는       'bool std::operator ==(const std::pair<_Ty1,_Ty2> &,const std::pair<_Ty1,_Ty2> &)'
\\Mac\Home\Documents\OOP\proj1\IIKH_src\PlanManager.cpp(36,13): message : 'bool std::operator ==(const std::pair<_Ty1,_Ty2> &,const std::pair<_Ty1,_Ty2> &)': 'Plan'에서 'const std::pair<_Ty1,_Ty2> &'에 대한 템플릿 인수를 추론할 수 없습니다.
C:\Program Files\Microsoft Visual Studio\2022\Preview\VC\Tools\MSVC\14.34.31823\include\utility(364): message : 'std::operator ==' 선언을 참조하십시오.
\\Mac\Home\Documents\OOP\proj1\IIKH_src\PlanManager.cpp(37,41): error C2065: 'meal_type': 선언되지 않은 식별자입니다.
\\Mac\Home\Documents\OOP\proj1\IIKH_src\PlanManager.cpp(43,34): error C2676: 이항 '==': 'Plan'이(가) 이 연산자를 정의하지 않거나 미리 정의된 연산자에 허용되는 형식으로의 변환을 정의하지 않습니다.
C:\Program Files\Microsoft Visual Studio\2022\Preview\VC\Tools\MSVC\14.34.31823\include\memory(3527,17): message : 'bool std::operator ==(std::nullptr_t,const std::unique_ptr<_Ty,_Dx> &) noexcept'일 수 있습니다.
\\Mac\Home\Documents\OOP\proj1\IIKH_src\PlanManager.cpp(43,13): message : 'bool std::operator ==(std::nullptr_t,const std::unique_ptr<_Ty,_Dx> &) noexcept': 'Plan'에서 'const std::unique_ptr<_Ty,_Dx> &'에 대한 템플릿 인수를 추론할 수 없습니다.
C:\Program Files\Microsoft Visual Studio\2022\Preview\VC\Tools\MSVC\14.34.31823\include\memory(3527): message : 'std::operator ==' 선언을 참조하십시오.
C:\Program Files\Microsoft Visual Studio\2022\Preview\VC\Tools\MSVC\14.34.31823\include\memory(3521,30): message : 또는       'bool std::operator ==(const std::unique_ptr<_Ty,_Dx> &,std::nullptr_t) noexcept'
\\Mac\Home\Documents\OOP\proj1\IIKH_src\PlanManager.cpp(43,13): message : 'bool std::operator ==(const std::unique_ptr<_Ty,_Dx> &,std::nullptr_t) noexcept': 'Plan'에서 'const std::unique_ptr<_Ty,_Dx> &'에 대한 템플릿 인수를 추론할 수 없습니다.
C:\Program Files\Microsoft Visual Studio\2022\Preview\VC\Tools\MSVC\14.34.31823\include\memory(3521): message : 'std::operator ==' 선언을 참조하십시오.
C:\Program Files\Microsoft Visual Studio\2022\Preview\VC\Tools\MSVC\14.34.31823\include\memory(3473,30): message : 또는       'bool std::operator ==(const std::unique_ptr<_Ty,_Dx> &,const std::unique_ptr<_Ty2,_Dx2> &)'
\\Mac\Home\Documents\OOP\proj1\IIKH_src\PlanManager.cpp(43,13): message : 'bool std::operator ==(const std::unique_ptr<_Ty,_Dx> &,const std::unique_ptr<_Ty2,_Dx2> &)': 'Plan'에서 'const std::unique_ptr<_Ty,_Dx> &'에 대한 템플릿 인수를 추론할 수 없습니다.
C:\Program Files\Microsoft Visual Studio\2022\Preview\VC\Tools\MSVC\14.34.31823\include\memory(3473): message : 'std::operator ==' 선언을 참조하십시오.
C:\Program Files\Microsoft Visual Studio\2022\Preview\VC\Tools\MSVC\14.34.31823\include\memory(1858,17): message : 또는       'bool std::operator ==(std::nullptr_t,const std::shared_ptr<_Ty> &) noexcept'
\\Mac\Home\Documents\OOP\proj1\IIKH_src\PlanManager.cpp(43,13): message : 'bool std::operator ==(std::nullptr_t,const std::shared_ptr<_Ty> &) noexcept': 'Plan'에서 'const std::shared_ptr<_Ty> &'에 대한 템플릿 인수를 추론할 수 없습니다.
C:\Program Files\Microsoft Visual Studio\2022\Preview\VC\Tools\MSVC\14.34.31823\include\memory(1858): message : 'std::operator ==' 선언을 참조하십시오.
C:\Program Files\Microsoft Visual Studio\2022\Preview\VC\Tools\MSVC\14.34.31823\include\memory(1847,17): message : 또는       'bool std::operator ==(const std::shared_ptr<_Ty> &,std::nullptr_t) noexcept'
\\Mac\Home\Documents\OOP\proj1\IIKH_src\PlanManager.cpp(43,13): message : 'bool std::operator ==(const std::shared_ptr<_Ty> &,std::nullptr_t) noexcept': 'Plan'에서 'const std::shared_ptr<_Ty> &'에 대한 템플릿 인수를 추론할 수 없습니다.
C:\Program Files\Microsoft Visual Studio\2022\Preview\VC\Tools\MSVC\14.34.31823\include\memory(1847): message : 'std::operator ==' 선언을 참조하십시오.
C:\Program Files\Microsoft Visual Studio\2022\Preview\VC\Tools\MSVC\14.34.31823\include\memory(1810,17): message : 또는       'bool std::operator ==(const std::shared_ptr<_Ty> &,const std::shared_ptr<_Ty0> &) noexcept'
\\Mac\Home\Documents\OOP\proj1\IIKH_src\PlanManager.cpp(43,13): message : 'bool std::operator ==(const std::shared_ptr<_Ty> &,const std::shared_ptr<_Ty0> &) noexcept': 'Plan'에서 'const std::shared_ptr<_Ty> &'에 대한 템플릿 인수를 추론할 수 없습니다.
C:\Program Files\Microsoft Visual Studio\2022\Preview\VC\Tools\MSVC\14.34.31823\include\memory(1810): message : 'std::operator ==' 선언을 참조하십시오.
C:\Program Files\Microsoft Visual Studio\2022\Preview\VC\Tools\MSVC\14.34.31823\include\iterator(474,17): message : 또는       'bool std::operator ==(const std::istreambuf_iterator<_Elem,_Traits> &,const std::istreambuf_iterator<_Elem,_Traits> &)'
\\Mac\Home\Documents\OOP\proj1\IIKH_src\PlanManager.cpp(43,13): message : 'bool std::operator ==(const std::istreambuf_iterator<_Elem,_Traits> &,const std::istreambuf_iterator<_Elem,_Traits> &)': 'Plan'에서 'const std::istreambuf_iterator<_Elem,_Traits> &'에 대한 템플릿 인수를 추론할 수 없습니다.
C:\Program Files\Microsoft Visual Studio\2022\Preview\VC\Tools\MSVC\14.34.31823\include\iterator(474): message : 'std::operator ==' 선언을 참조하십시오.
C:\Program Files\Microsoft Visual Studio\2022\Preview\VC\Tools\MSVC\14.34.31823\include\iterator(292,17): message : 또는       'bool std::operator ==(const std::istream_iterator<_Ty,_Elem,_Traits,_Diff> &,const std::istream_iterator<_Ty,_Elem,_Traits,_Diff> &) noexcept'
\\Mac\Home\Documents\OOP\proj1\IIKH_src\PlanManager.cpp(43,13): message : 'bool std::operator ==(const std::istream_iterator<_Ty,_Elem,_Traits,_Diff> &,const std::istream_iterator<_Ty,_Elem,_Traits,_Diff> &) noexcept': 'Plan'에서 'const std::istream_iterator<_Ty,_Elem,_Traits,_Diff> &'에 대한 템플릿 인수를 추론할 수 없습니다.
C:\Program Files\Microsoft Visual Studio\2022\Preview\VC\Tools\MSVC\14.34.31823\include\iterator(292): message : 'std::operator ==' 선언을 참조하십시오.
C:\Program Files\Microsoft Visual Studio\2022\Preview\VC\Tools\MSVC\14.34.31823\include\xstring(5028,17): message : 또는       'bool std::operator ==(const _Elem *const ,const std::basic_string<_Elem,_Traits,_Alloc> &)'
\\Mac\Home\Documents\OOP\proj1\IIKH_src\PlanManager.cpp(43,13): message : 'bool std::operator ==(const _Elem *const ,const std::basic_string<_Elem,_Traits,_Alloc> &)': 'Plan'에서 'const _Elem *const '에 대한 템플릿 인수를 추론할 수 없습니다.
C:\Program Files\Microsoft Visual Studio\2022\Preview\VC\Tools\MSVC\14.34.31823\include\xstring(5028): message : 'std::operator ==' 선언을 참조하십시오.
C:\Program Files\Microsoft Visual Studio\2022\Preview\VC\Tools\MSVC\14.34.31823\include\xstring(5009,30): message : 또는       'bool std::operator ==(const std::basic_string<_Elem,_Traits,_Alloc> &,const _Elem *const )'
\\Mac\Home\Documents\OOP\proj1\IIKH_src\PlanManager.cpp(43,13): message : 'bool std::operator ==(const std::basic_string<_Elem,_Traits,_Alloc> &,const _Elem *const )': 'Plan'에서 'const std::basic_string<_Elem,_Traits,_Alloc> &'에 대한 템플릿 인수를 추론할 수 없습니다.
C:\Program Files\Microsoft Visual Studio\2022\Preview\VC\Tools\MSVC\14.34.31823\include\xstring(5009): message : 'std::operator ==' 선언을 참조하십시오.
C:\Program Files\Microsoft Visual Studio\2022\Preview\VC\Tools\MSVC\14.34.31823\include\xstring(5003,30): message : 또는       'bool std::operator ==(const std::basic_string<_Elem,_Traits,_Alloc> &,const std::basic_string<_Elem,_Traits,_Alloc> &) noexcept'
\\Mac\Home\Documents\OOP\proj1\IIKH_src\PlanManager.cpp(43,13): message : 'bool std::operator ==(const std::basic_string<_Elem,_Traits,_Alloc> &,const std::basic_string<_Elem,_Traits,_Alloc> &) noexcept': 'Plan'에서 'const std::basic_string<_Elem,_Traits,_Alloc> &'에 대한 템플릿 인수를 추론할 수 없습니다.
C:\Program Files\Microsoft Visual Studio\2022\Preview\VC\Tools\MSVC\14.34.31823\include\xstring(5003): message : 'std::operator ==' 선언을 참조하십시오.
C:\Program Files\Microsoft Visual Studio\2022\Preview\VC\Tools\MSVC\14.34.31823\include\vector(2114,30): message : 또는       'bool std::operator ==(const std::vector<_Ty,_Alloc> &,const std::vector<_Ty,_Alloc> &)'
\\Mac\Home\Documents\OOP\proj1\IIKH_src\PlanManager.cpp(43,13): message : 'bool std::operator ==(const std::vector<_Ty,_Alloc> &,const std::vector<_Ty,_Alloc> &)': 'Plan'에서 'const std::vector<_Ty,_Alloc> &'에 대한 템플릿 인수를 추론할 수 없습니다.
C:\Program Files\Microsoft Visual Studio\2022\Preview\VC\Tools\MSVC\14.34.31823\include\vector(2114): message : 'std::operator ==' 선언을 참조하십시오.
C:\Program Files\Microsoft Visual Studio\2022\Preview\VC\Tools\MSVC\14.34.31823\include\xmemory(894,30): message : 또는       'bool std::operator ==(const std::allocator<_Ty> &,const std::allocator<_Other> &) noexcept'
\\Mac\Home\Documents\OOP\proj1\IIKH_src\PlanManager.cpp(43,13): message : 'bool std::operator ==(const std::allocator<_Ty> &,const std::allocator<_Other> &) noexcept': 'Plan'에서 'const std::allocator<_Ty> &'에 대한 템플릿 인수를 추론할 수 없습니다.
C:\Program Files\Microsoft Visual Studio\2022\Preview\VC\Tools\MSVC\14.34.31823\include\xmemory(894): message : 'std::operator ==' 선언을 참조하십시오.
C:\Program Files\Microsoft Visual Studio\2022\Preview\VC\Tools\MSVC\14.34.31823\include\xutility(3431,30): message : 또는       'bool std::operator ==(const std::move_iterator<_Iter> &,const std::move_iterator<_Iter2> &)'
\\Mac\Home\Documents\OOP\proj1\IIKH_src\PlanManager.cpp(43,13): message : 'bool std::operator ==(const std::move_iterator<_Iter> &,const std::move_iterator<_Iter2> &)': 'Plan'에서 'const std::move_iterator<_Iter> &'에 대한 템플릿 인수를 추론할 수 없습니다.
C:\Program Files\Microsoft Visual Studio\2022\Preview\VC\Tools\MSVC\14.34.31823\include\xutility(3431): message : 'std::operator ==' 선언을 참조하십시오.
C:\Program Files\Microsoft Visual Studio\2022\Preview\VC\Tools\MSVC\14.34.31823\include\xutility(1370,30): message : 또는       'bool std::operator ==(const std::reverse_iterator<_BidIt> &,const std::reverse_iterator<_BidIt2> &)'
\\Mac\Home\Documents\OOP\proj1\IIKH_src\PlanManager.cpp(43,13): message : 'bool std::operator ==(const std::reverse_iterator<_BidIt> &,const std::reverse_iterator<_BidIt2> &)': 'Plan'에서 'const std::reverse_iterator<_BidIt> &'에 대한 템플릿 인수를 추론할 수 없습니다.
C:\Program Files\Microsoft Visual Studio\2022\Preview\VC\Tools\MSVC\14.34.31823\include\xutility(1370): message : 'std::operator ==' 선언을 참조하십시오.
C:\Program Files\Microsoft Visual Studio\2022\Preview\VC\Tools\MSVC\14.34.31823\include\utility(364,27): message : 또는       'bool std::operator ==(const std::pair<_Ty1,_Ty2> &,const std::pair<_Ty1,_Ty2> &)'
\\Mac\Home\Documents\OOP\proj1\IIKH_src\PlanManager.cpp(43,13): message : 'bool std::operator ==(const std::pair<_Ty1,_Ty2> &,const std::pair<_Ty1,_Ty2> &)': 'Plan'에서 'const std::pair<_Ty1,_Ty2> &'에 대한 템플릿 인수를 추론할 수 없습니다.
C:\Program Files\Microsoft Visual Studio\2022\Preview\VC\Tools\MSVC\14.34.31823\include\utility(364): message : 'std::operator ==' 선언을 참조하십시오.
\\Mac\Home\Documents\OOP\proj1\IIKH_src\PlanManager.cpp(50,32): error C2679: 이항 '<<': 오른쪽 피연산자로 'Meal' 형식을 사용하는 연산자가 없거나 허용되는 변환이 없습니다.
C:\Program Files\Microsoft Visual Studio\2022\Preview\VC\Tools\MSVC\14.34.31823\include\ostream(475,39): message : 'std::basic_ostream<char,std::char_traits<char>> &std::basic_ostream<char,std::char_traits<char>>::operator <<(std::basic_streambuf<char,std::char_traits<char>> *)'일 수 있습니다.
C:\Program Files\Microsoft Visual Studio\2022\Preview\VC\Tools\MSVC\14.34.31823\include\ostream(443,39): message : 또는       'std::basic_ostream<char,std::char_traits<char>> &std::basic_ostream<char,std::char_traits<char>>::operator <<(const void *)'
C:\Program Files\Microsoft Visual Studio\2022\Preview\VC\Tools\MSVC\14.34.31823\include\ostream(425,39): message : 또는       'std::basic_ostream<char,std::char_traits<char>> &std::basic_ostream<char,std::char_traits<char>>::operator <<(long double)'
C:\Program Files\Microsoft Visual Studio\2022\Preview\VC\Tools\MSVC\14.34.31823\include\ostream(407,39): message : 또는       'std::basic_ostream<char,std::char_traits<char>> &std::basic_ostream<char,std::char_traits<char>>::operator <<(double)'
C:\Program Files\Microsoft Visual Studio\2022\Preview\VC\Tools\MSVC\14.34.31823\include\ostream(389,39): message : 또는       'std::basic_ostream<char,std::char_traits<char>> &std::basic_ostream<char,std::char_traits<char>>::operator <<(float)'
C:\Program Files\Microsoft Visual Studio\2022\Preview\VC\Tools\MSVC\14.34.31823\include\ostream(371,39): message : 또는       'std::basic_ostream<char,std::char_traits<char>> &std::basic_ostream<char,std::char_traits<char>>::operator <<(unsigned __int64)'
C:\Program Files\Microsoft Visual Studio\2022\Preview\VC\Tools\MSVC\14.34.31823\include\ostream(353,39): message : 또는       'std::basic_ostream<char,std::char_traits<char>> &std::basic_ostream<char,std::char_traits<char>>::operator <<(__int64)'
C:\Program Files\Microsoft Visual Studio\2022\Preview\VC\Tools\MSVC\14.34.31823\include\ostream(335,39): message : 또는       'std::basic_ostream<char,std::char_traits<char>> &std::basic_ostream<char,std::char_traits<char>>::operator <<(unsigned long)'
C:\Program Files\Microsoft Visual Studio\2022\Preview\VC\Tools\MSVC\14.34.31823\include\ostream(317,39): message : 또는       'std::basic_ostream<char,std::char_traits<char>> &std::basic_ostream<char,std::char_traits<char>>::operator <<(long)'
C:\Program Files\Microsoft Visual Studio\2022\Preview\VC\Tools\MSVC\14.34.31823\include\ostream(298,39): message : 또는       'std::basic_ostream<char,std::char_traits<char>> &std::basic_ostream<char,std::char_traits<char>>::operator <<(unsigned int)'
C:\Program Files\Microsoft Visual Studio\2022\Preview\VC\Tools\MSVC\14.34.31823\include\ostream(272,39): message : 또는       'std::basic_ostream<char,std::char_traits<char>> &std::basic_ostream<char,std::char_traits<char>>::operator <<(int)'
C:\Program Files\Microsoft Visual Studio\2022\Preview\VC\Tools\MSVC\14.34.31823\include\ostream(253,39): message : 또는       'std::basic_ostream<char,std::char_traits<char>> &std::basic_ostream<char,std::char_traits<char>>::operator <<(unsigned short)'
C:\Program Files\Microsoft Visual Studio\2022\Preview\VC\Tools\MSVC\14.34.31823\include\ostream(219,39): message : 또는       'std::basic_ostream<char,std::char_traits<char>> &std::basic_ostream<char,std::char_traits<char>>::operator <<(short)'
C:\Program Files\Microsoft Visual Studio\2022\Preview\VC\Tools\MSVC\14.34.31823\include\ostream(201,39): message : 또는       'std::basic_ostream<char,std::char_traits<char>> &std::basic_ostream<char,std::char_traits<char>>::operator <<(bool)'
C:\Program Files\Microsoft Visual Studio\2022\Preview\VC\Tools\MSVC\14.34.31823\include\ostream(195,39): message : 또는       'std::basic_ostream<char,std::char_traits<char>> &std::basic_ostream<char,std::char_traits<char>>::operator <<(std::ios_base &(__cdecl *)(std::ios_base &))'
C:\Program Files\Microsoft Visual Studio\2022\Preview\VC\Tools\MSVC\14.34.31823\include\ostream(189,39): message : 또는       'std::basic_ostream<char,std::char_traits<char>> &std::basic_ostream<char,std::char_traits<char>>::operator <<(std::basic_ios<char,std::char_traits<char>> &(__cdecl *)(std::basic_ios<char,std::char_traits<char>> &))'
C:\Program Files\Microsoft Visual Studio\2022\Preview\VC\Tools\MSVC\14.34.31823\include\ostream(184,39): message : 또는       'std::basic_ostream<char,std::char_traits<char>> &std::basic_ostream<char,std::char_traits<char>>::operator <<(std::basic_ostream<char,std::char_traits<char>> &(__cdecl *)(std::basic_ostream<char,std::char_traits<char>> &))'
C:\Program Files\Microsoft Visual Studio\2022\Preview\VC\Tools\MSVC\14.34.31823\include\ostream(1075,32): message : 또는       'std::basic_ostream<_Elem,_Traits> &std::operator <<(std::basic_ostream<_Elem,_Traits> &,const std::error_code &)'
\\Mac\Home\Documents\OOP\proj1\IIKH_src\PlanManager.cpp(50,29): message : '초기화 중': 'Meal'에서 'const std::error_code &'(으)로 변환할 수 없습니다.
\\Mac\Home\Documents\OOP\proj1\IIKH_src\PlanManager.cpp(50,32): message : 원인: 'Meal'에서 'const std::error_code'(으)로 변환할 수 없습니다.
\\Mac\Home\Documents\OOP\proj1\IIKH_src\PlanManager.cpp(50,29): message : 이 변환을 수행할 수 있는 사용 가능한 사용자 정의 변환 연산자가 없거나 연산자를 호출할 수 없습니다.
C:\Program Files\Microsoft Visual Studio\2022\Preview\VC\Tools\MSVC\14.34.31823\include\ostream(998,9): message : 또는       '_Ostr &&std::operator <<(_Ostr &&,const _Ty &)'
\\Mac\Home\Documents\OOP\proj1\IIKH_src\PlanManager.cpp(50): message : '_Ostr &&std::operator <<(_Ostr &&,const _Ty &)': '__formal'의 템플릿 인수를 추론할 수 없습니다.
C:\Program Files\Microsoft Visual Studio\2022\Preview\VC\Tools\MSVC\14.34.31823\include\ostream(998): message : 'std::operator <<' 선언을 참조하십시오.
C:\Program Files\Microsoft Visual Studio\2022\Preview\VC\Tools\MSVC\14.34.31823\include\ostream(940,31): message : 또는       'std::basic_ostream<char,_Traits> &std::operator <<(std::basic_ostream<char,_Traits> &,unsigned char)'
\\Mac\Home\Documents\OOP\proj1\IIKH_src\PlanManager.cpp(50,29): message : '초기화 중': 'Meal'에서 'unsigned char'(으)로 변환할 수 없습니다.
\\Mac\Home\Documents\OOP\proj1\IIKH_src\PlanManager.cpp(50,29): message : 이 변환을 수행할 수 있는 사용 가능한 사용자 정의 변환 연산자가 없거나 연산자를 호출할 수 없습니다.
C:\Program Files\Microsoft Visual Studio\2022\Preview\VC\Tools\MSVC\14.34.31823\include\ostream(934,31): message : 또는       'std::basic_ostream<char,_Traits> &std::operator <<(std::basic_ostream<char,_Traits> &,const unsigned char *)'
\\Mac\Home\Documents\OOP\proj1\IIKH_src\PlanManager.cpp(50,29): message : '초기화 중': 'Meal'에서 'const unsigned char *'(으)로 변환할 수 없습니다.
\\Mac\Home\Documents\OOP\proj1\IIKH_src\PlanManager.cpp(50,29): message : 이 변환을 수행할 수 있는 사용 가능한 사용자 정의 변환 연산자가 없거나 연산자를 호출할 수 없습니다.
C:\Program Files\Microsoft Visual Studio\2022\Preview\VC\Tools\MSVC\14.34.31823\include\ostream(929,31): message : 또는       'std::basic_ostream<char,_Traits> &std::operator <<(std::basic_ostream<char,_Traits> &,signed char)'
\\Mac\Home\Documents\OOP\proj1\IIKH_src\PlanManager.cpp(50,29): message : '초기화 중': 'Meal'에서 'signed char'(으)로 변환할 수 없습니다.
\\Mac\Home\Documents\OOP\proj1\IIKH_src\PlanManager.cpp(50,29): message : 이 변환을 수행할 수 있는 사용 가능한 사용자 정의 변환 연산자가 없거나 연산자를 호출할 수 없습니다.
C:\Program Files\Microsoft Visual Studio\2022\Preview\VC\Tools\MSVC\14.34.31823\include\ostream(923,31): message : 또는       'std::basic_ostream<char,_Traits> &std::operator <<(std::basic_ostream<char,_Traits> &,const signed char *)'
\\Mac\Home\Documents\OOP\proj1\IIKH_src\PlanManager.cpp(50,29): message : '초기화 중': 'Meal'에서 'const signed char *'(으)로 변환할 수 없습니다.
\\Mac\Home\Documents\OOP\proj1\IIKH_src\PlanManager.cpp(50,29): message : 이 변환을 수행할 수 있는 사용 가능한 사용자 정의 변환 연산자가 없거나 연산자를 호출할 수 없습니다.
C:\Program Files\Microsoft Visual Studio\2022\Preview\VC\Tools\MSVC\14.34.31823\include\ostream(887,32): message : 또는       'std::basic_ostream<_Elem,_Traits> &std::operator <<(std::basic_ostream<_Elem,_Traits> &,_Elem)'
\\Mac\Home\Documents\OOP\proj1\IIKH_src\PlanManager.cpp(50,9): message : 'std::basic_ostream<_Elem,_Traits> &std::operator <<(std::basic_ostream<_Elem,_Traits> &,_Elem)': 템플릿 매개 변수 '_Elem'이(가) 모호합니다.
C:\Program Files\Microsoft Visual Studio\2022\Preview\VC\Tools\MSVC\14.34.31823\include\ostream(887): message : 'std::operator <<' 선언을 참조하십시오.
\\Mac\Home\Documents\OOP\proj1\IIKH_src\PlanManager.cpp(50,32): message : 'Meal'일 수 있습니다.
\\Mac\Home\Documents\OOP\proj1\IIKH_src\PlanManager.cpp(50,32): message : 또는      'char'
\\Mac\Home\Documents\OOP\proj1\IIKH_src\PlanManager.cpp(50,9): message : 'std::basic_ostream<_Elem,_Traits> &std::operator <<(std::basic_ostream<_Elem,_Traits> &,_Elem)': 'Meal'에서 '_Elem'에 대한 템플릿 인수를 추론할 수 없습니다.
C:\Program Files\Microsoft Visual Studio\2022\Preview\VC\Tools\MSVC\14.34.31823\include\ostream(887): message : 'std::operator <<' 선언을 참조하십시오.
C:\Program Files\Microsoft Visual Studio\2022\Preview\VC\Tools\MSVC\14.34.31823\include\ostream(844,32): message : 또는       'std::basic_ostream<_Elem,_Traits> &std::operator <<(std::basic_ostream<_Elem,_Traits> &,const _Elem *)'
\\Mac\Home\Documents\OOP\proj1\IIKH_src\PlanManager.cpp(50,9): message : 'std::basic_ostream<_Elem,_Traits> &std::operator <<(std::basic_ostream<_Elem,_Traits> &,const _Elem *)': 'Meal'에서 'const _Elem *'에 대한 템플릿 인수를 추론할 수 없습니다.
C:\Program Files\Microsoft Visual Studio\2022\Preview\VC\Tools\MSVC\14.34.31823\include\ostream(844): message : 'std::operator <<' 선언을 참조하십시오.
C:\Program Files\Microsoft Visual Studio\2022\Preview\VC\Tools\MSVC\14.34.31823\include\ostream(806,31): message : 또는       'std::basic_ostream<char,_Traits> &std::operator <<(std::basic_ostream<char,_Traits> &,char)'
\\Mac\Home\Documents\OOP\proj1\IIKH_src\PlanManager.cpp(50,29): message : '초기화 중': 'Meal'에서 'char'(으)로 변환할 수 없습니다.
\\Mac\Home\Documents\OOP\proj1\IIKH_src\PlanManager.cpp(50,29): message : 이 변환을 수행할 수 있는 사용 가능한 사용자 정의 변환 연산자가 없거나 연산자를 호출할 수 없습니다.
C:\Program Files\Microsoft Visual Studio\2022\Preview\VC\Tools\MSVC\14.34.31823\include\ostream(761,31): message : 또는       'std::basic_ostream<char,_Traits> &std::operator <<(std::basic_ostream<char,_Traits> &,const char *)'
\\Mac\Home\Documents\OOP\proj1\IIKH_src\PlanManager.cpp(50,29): message : '초기화 중': 'Meal'에서 'const char *'(으)로 변환할 수 없습니다.
\\Mac\Home\Documents\OOP\proj1\IIKH_src\PlanManager.cpp(50,29): message : 이 변환을 수행할 수 있는 사용 가능한 사용자 정의 변환 연산자가 없거나 연산자를 호출할 수 없습니다.
C:\Program Files\Microsoft Visual Studio\2022\Preview\VC\Tools\MSVC\14.34.31823\include\ostream(725,32): message : 또는       'std::basic_ostream<_Elem,_Traits> &std::operator <<(std::basic_ostream<_Elem,_Traits> &,char)'
\\Mac\Home\Documents\OOP\proj1\IIKH_src\PlanManager.cpp(50,29): message : '초기화 중': 'Meal'에서 'char'(으)로 변환할 수 없습니다.
\\Mac\Home\Documents\OOP\proj1\IIKH_src\PlanManager.cpp(50,29): message : 이 변환을 수행할 수 있는 사용 가능한 사용자 정의 변환 연산자가 없거나 연산자를 호출할 수 없습니다.
C:\Program Files\Microsoft Visual Studio\2022\Preview\VC\Tools\MSVC\14.34.31823\include\ostream(681,32): message : 또는       'std::basic_ostream<_Elem,_Traits> &std::operator <<(std::basic_ostream<_Elem,_Traits> &,const char *)'
\\Mac\Home\Documents\OOP\proj1\IIKH_src\PlanManager.cpp(50,29): message : '초기화 중': 'Meal'에서 'const char *'(으)로 변환할 수 없습니다.
\\Mac\Home\Documents\OOP\proj1\IIKH_src\PlanManager.cpp(50,29): message : 이 변환을 수행할 수 있는 사용 가능한 사용자 정의 변환 연산자가 없거나 연산자를 호출할 수 없습니다.
C:\Program Files\Microsoft Visual Studio\2022\Preview\VC\Tools\MSVC\14.34.31823\include\memory(3603,32): message : 또는       'std::basic_ostream<_Elem,_Traits> &std::operator <<(std::basic_ostream<_Elem,_Traits> &,const std::unique_ptr<_Ty2,_Dx2> &)'
\\Mac\Home\Documents\OOP\proj1\IIKH_src\PlanManager.cpp(50,9): message : 'std::basic_ostream<_Elem,_Traits> &std::operator <<(std::basic_ostream<_Elem,_Traits> &,const std::unique_ptr<_Ty2,_Dx2> &)': 'Meal'에서 'const std::unique_ptr<_Ty2,_Dx2> &'에 대한 템플릿 인수를 추론할 수 없습니다.
C:\Program Files\Microsoft Visual Studio\2022\Preview\VC\Tools\MSVC\14.34.31823\include\memory(3603): message : 'std::operator <<' 선언을 참조하십시오.
C:\Program Files\Microsoft Visual Studio\2022\Preview\VC\Tools\MSVC\14.34.31823\include\memory(1914,32): message : 또는       'std::basic_ostream<_Elem,_Traits> &std::operator <<(std::basic_ostream<_Elem,_Traits> &,const std::shared_ptr<_Ty> &)'
\\Mac\Home\Documents\OOP\proj1\IIKH_src\PlanManager.cpp(50,9): message : 'std::basic_ostream<_Elem,_Traits> &std::operator <<(std::basic_ostream<_Elem,_Traits> &,const std::shared_ptr<_Ty> &)': 'Meal'에서 'const std::shared_ptr<_Ty> &'에 대한 템플릿 인수를 추론할 수 없습니다.
C:\Program Files\Microsoft Visual Studio\2022\Preview\VC\Tools\MSVC\14.34.31823\include\memory(1914): message : 'std::operator <<' 선언을 참조하십시오.
C:\Program Files\Microsoft Visual Studio\2022\Preview\VC\Tools\MSVC\14.34.31823\include\xstring(5179,32): message : 또는       'std::basic_ostream<_Elem,_Traits> &std::operator <<(std::basic_ostream<_Elem,_Traits> &,const std::basic_string<_Elem,_Traits,_Alloc> &)'
\\Mac\Home\Documents\OOP\proj1\IIKH_src\PlanManager.cpp(50,9): message : 'std::basic_ostream<_Elem,_Traits> &std::operator <<(std::basic_ostream<_Elem,_Traits> &,const std::basic_string<_Elem,_Traits,_Alloc> &)': 'Meal'에서 'const std::basic_string<_Elem,_Traits,_Alloc> &'에 대한 템플릿 인수를 추론할 수 없습니다.
C:\Program Files\Microsoft Visual Studio\2022\Preview\VC\Tools\MSVC\14.34.31823\include\xstring(5179): message : 'std::operator <<' 선언을 참조하십시오.
\\Mac\Home\Documents\OOP\proj1\IIKH_src\PlanManager.cpp(50,32): message : 인수 목록 '(std::ostream, Meal)'을(를) 일치시키는 동안
  recipe.cpp
\\Mac\Home\Documents\OOP\proj1\IIKH_src\recipe.cpp(1,10): fatal  error C1083: 포함 파일을 열 수 없습니다. 'recipe.hpp': No such file or directory
  RecipeDatabase.cpp
\\Mac\Home\Documents\OOP\proj1\IIKH_src\RecipeDatabase.cpp(1,1): warning C4819: 현재 코드 페이지(949)에서 표시할 수 없는 문자가 파일에 들어 있습니다. 데이터가 손실되지 않게 하려면 해당 파일을 유니코드 형식으로 저장하십시오.
\\Mac\Home\Documents\OOP\proj1\IIKH_src\FileManager.h(10,15): error C2143: 구문 오류: ';'이(가) '<' 앞에 없습니다.
\\Mac\Home\Documents\OOP\proj1\IIKH_src\FileManager.h(10,15): error C4430: 형식 지정자가 없습니다. int로 가정합니다. 참고: C++에서는 기본 int를 지원하지 않습니다.
\\Mac\Home\Documents\OOP\proj1\IIKH_src\FileManager.h(10,57): error C2238: ';' 앞에 예기치 않은 토큰이 있습니다.
\\Mac\Home\Documents\OOP\proj1\IIKH_src\Recipe.h(7,10): fatal  error C1083: 포함 파일을 열 수 없습니다. 'Recipe_DB.hpp': No such file or directory
  Serving.cpp
\\Mac\Home\Documents\OOP\proj1\IIKH_src\Serving.h(11,12): error C3646: 'name': 알 수 없는 재정의 지정자입니다.
\\Mac\Home\Documents\OOP\proj1\IIKH_src\Serving.h(11,16): error C4430: 형식 지정자가 없습니다. int로 가정합니다. 참고: C++에서는 기본 int를 지원하지 않습니다.
\\Mac\Home\Documents\OOP\proj1\IIKH_src\Serving.h(13,13): error C2061: 구문 오류: 식별자 'string'
\\Mac\Home\Documents\OOP\proj1\IIKH_src\Serving.h(14,12): error C3646: 'getName': 알 수 없는 재정의 지정자입니다.
\\Mac\Home\Documents\OOP\proj1\IIKH_src\Serving.h(14,19): error C2059: 구문 오류: '('
\\Mac\Home\Documents\OOP\proj1\IIKH_src\Serving.h(14,21): error C2238: ';' 앞에 예기치 않은 토큰이 있습니다.
\\Mac\Home\Documents\OOP\proj1\IIKH_src\Serving.h(15,18): error C2061: 구문 오류: 식별자 'string'
\\Mac\Home\Documents\OOP\proj1\IIKH_src\Serving.cpp(7,10): error C2511: 'Serving::Serving(std::string)': 오버로드된 멤버 함수가 'Serving'에 없습니다.
\\Mac\Home\Documents\OOP\proj1\IIKH_src\Serving.h(9): message : 'Serving' 선언을 참조하십시오.
\\Mac\Home\Documents\OOP\proj1\IIKH_src\Serving.cpp(8,5): error C2065: 'name': 선언되지 않은 식별자입니다.
\\Mac\Home\Documents\OOP\proj1\IIKH_src\Serving.cpp(11,22): error C2039: 'getName': 'Serving'의 멤버가 아닙니다.
\\Mac\Home\Documents\OOP\proj1\IIKH_src\Serving.h(9): message : 'Serving' 선언을 참조하십시오.
\\Mac\Home\Documents\OOP\proj1\IIKH_src\Serving.cpp(12,12): error C2065: 'name': 선언되지 않은 식별자입니다.
\\Mac\Home\Documents\OOP\proj1\IIKH_src\Serving.cpp(15,15): error C2511: 'void Serving::setName(std::string)': 오버로드된 멤버 함수가 'Serving'에 없습니다.
\\Mac\Home\Documents\OOP\proj1\IIKH_src\Serving.h(9): message : 'Serving' 선언을 참조하십시오.
\\Mac\Home\Documents\OOP\proj1\IIKH_src\Serving.cpp(16,5): error C2065: 'name': 선언되지 않은 식별자입니다.
  코드를 생성하고 있습니다...
